#Time	Computed	Exact
0.025	20	20
0.05	20	20
0.075	20	20
0.1	20	20
0.125	20	20
0.15	20	20
0.175	20	20
0.2	20	20
0.225	20	20
0.25	20	20
0.275	20	20
0.3	20	20
0.325	20	20
0.35	20	20
0.375	20	20
0.4	20	20
0.425	20	20
0.45	20	20
0.475	20	20
0.5	20	20
0.525	20	20
0.55	20	20
0.575	20	20
0.6	20	20
0.625	20	20
0.65	20	20
0.675	20	20
0.7	20	20
0.725	20	20
0.75	20	20
0.775	20	20
0.8	20	20
0.825	20	20
0.85	20	20
0.875	20	20
0.9	20	20
0.925	20	20
0.95	20	20
0.975	20	20
1	20	20
1.025	20	20
1.05	20	20
1.075	20	20
1.1	20	20
1.125	20	20
1.15	20	20
1.175	20	20
1.2	20	20
1.225	20	20
1.25	20	20
1.275	20	20
1.3	20	20
1.325	20	20
1.35	20	20
1.375	20	20
1.4	20	20
1.425	20	20
1.45	20	20
1.475	20	20
1.5	20	20
1.525	20	20
1.55	20	20
1.575	20	20
1.6	20	20
1.625	20	20
1.65	20	20
1.675	20	20
1.7	20	20
1.725	20	20
1.75	20	20
1.775	20	20
1.8	20	20
1.825	20	20
1.85	20	20
1.875	20	20
1.9	20	20
1.925	20	20
1.95	20	20
1.975	20	20
2	20	20
2.025	20	20
2.05	20	20
2.075	20	20
2.1	20	20
2.125	20	20
2.15	20	20
2.175	20	20
2.2	20	20
2.225	20	20
2.25	20	20
2.275	20	20
2.3	20	20
2.325	20	20
2.35	20	20
2.375	20	20
2.4	20	20
2.425	20	20
2.45	20	20
2.475	20	20
2.5	20	20
2.525	20	20
2.55	20	20
2.575	20	20
2.6	20	20
2.625	20	20
2.65	20	20
2.675	20	20
2.7	20	20
2.725	20	20
2.75	20	20
2.775	20	20
2.8	20	20
2.825	20	20
2.85	20	20
2.875	20	20
2.9	20	20
2.925	20	20
2.95	20	20
2.975	20	20
3	20	20
3.025	20	20
3.05	20	20
3.075	20	20
3.1	20	20
3.125	20	20
3.15	20	20
3.175	20	20
3.2	20	20
3.225	20	20
3.25	20	20
3.275	20	20
3.3	20	20
3.325	20	20
3.35	20	20
3.375	20	20
3.4	20	20
3.425	20	20
3.45	20	20
3.475	20	20
3.5	20	20
3.525	20	20
3.55	20	20
3.575	20	20
3.6	20	20
3.625	20	20
3.65	20	20
3.675	20	20
3.7	20	20
3.725	20	20
3.75	20	20
3.775	20	20
3.8	20	20
3.825	20	20
3.85	20	20
3.875	20	20
3.9	20	20
3.925	20	20
3.95	20	20
3.975	20	20
4	20	20
4.025	20	20
4.05	20	20
4.075	20	20
4.1	20	20
4.125	20	20
4.15	20	20
4.175	20	20
4.2	20	20
4.225	20	20
4.25	20	20
4.275	20	20
4.3	20	20
4.325	20	20
4.35	20	20
4.375	20	20
4.4	20	20
4.425	20	20
4.45	20	20
4.475	20	20
4.5	20	20
4.525	20	20
4.55	20	20
4.575	20	20
4.6	20	20
4.625	20	20
4.65	20	20
4.675	20	20
4.7	20	20
4.725	20	20
4.75	20	20
4.775	20	20
4.8	20	20
4.825	20	20
4.85	20	20
4.875	20	20
4.9	20	20
4.925	20	20
4.95	20	20
4.975	20	20
5	20	20
5.025	20	20
5.05	20	20
5.075	20	20
5.1	20	20
5.125	20	20
5.15	20	20
5.175	20	20
5.2	20	20
5.225	20	20
5.25	20	20
5.275	20	20
5.3	20	20
5.325	20	20
5.35	20	20
5.375	20	20
5.4	20.0001	20
5.425	20.0001	20
5.45	20.0001	20
5.475	20.0001	20
5.5	20.0001	20
5.525	20.0001	20
5.55	20.0001	20.0001
5.575	20.0001	20.0001
5.6	20.0001	20.0001
5.625	20.0001	20.0001
5.65	20.0002	20.0001
5.675	20.0002	20.0001
5.7	20.0002	20.0001
5.725	20.0002	20.0001
5.75	20.0002	20.0001
5.775	20.0003	20.0001
5.8	20.0003	20.0002
5.825	20.0003	20.0002
5.85	20.0004	20.0002
5.875	20.0004	20.0002
5.9	20.0005	20.0003
5.925	20.0005	20.0003
5.95	20.0006	20.0003
5.975	20.0006	20.0004
6	20.0007	20.0004
6.025	20.0008	20.0004
6.05	20.0009	20.0005
6.075	20.001	20.0005
6.1	20.0011	20.0006
6.125	20.0012	20.0007
6.15	20.0013	20.0008
6.175	20.0015	20.0009
6.2	20.0016	20.001
6.225	20.0018	20.0011
6.25	20.002	20.0012
6.275	20.0022	20.0013
6.3	20.0025	20.0015
6.325	20.0027	20.0016
6.35	20.003	20.0018
6.375	20.0034	20.002
6.4	20.0037	20.0023
6.425	20.0041	20.0026
6.45	20.0046	20.0028
6.475	20.0051	20.0032
6.5	20.0057	20.0035
6.525	20.0063	20.004
6.55	20.007	20.0044
6.575	20.0078	20.0049
6.6	20.0086	20.0055
6.625	20.0096	20.0061
6.65	20.0107	20.0069
6.675	20.0118	20.0077
6.7	20.0132	20.0086
6.725	20.0146	20.0096
6.75	20.0162	20.0107
6.775	20.018	20.0119
6.8	20.0201	20.0133
6.825	20.0223	20.0149
6.85	20.0248	20.0166
6.875	20.0275	20.0185
6.9	20.0306	20.0207
6.925	20.034	20.0232
6.95	20.0379	20.0259
6.975	20.0421	20.0289
7	20.0468	20.0323
7.025	20.0521	20.0361
7.05	20.0579	20.0404
7.075	20.0644	20.0451
7.1	20.0717	20.0505
7.125	20.0797	20.0564
7.15	20.0887	20.0631
7.175	20.0988	20.0706
7.2	20.1099	20.079
7.225	20.1224	20.0884
7.25	20.1363	20.0989
7.275	20.1517	20.1107
7.3	20.169	20.1239
7.325	20.1882	20.1387
7.35	20.2097	20.1553
7.375	20.2336	20.1739
7.4	20.2603	20.1948
7.425	20.2901	20.2182
7.45	20.3234	20.2445
7.475	20.3606	20.274
7.5	20.4021	20.3071
7.525	20.4484	20.3443
7.55	20.5002	20.386
7.575	20.5581	20.4328
7.6	20.6227	20.4855
7.625	20.695	20.5446
7.65	20.7758	20.611
7.675	20.8662	20.6857
7.7	20.9672	20.7696
7.725	21.0802	20.8638
7.75	21.2066	20.9698
7.775	21.3479	21.089
7.8	21.5061	21.223
7.825	21.6831	21.3736
7.85	21.8812	21.5429
7.875	22.1027	21.7333
7.9	22.3507	21.9474
7.925	22.6281	22.188
7.95	22.9386	22.4584
7.975	23.2859	22.7624
8	23.6743	23.1039
8.025	24.1088	23.4875
8.05	24.5947	23.9184
8.075	25.1378	24.4021
8.1	25.7448	24.9449
8.125	26.423	25.5539
8.15	27.1804	26.2368
8.175	28.0259	27.0021
8.2	28.9693	27.8593
8.225	30.0214	28.8189
8.25	31.1941	29.8924
8.275	32.5003	31.0925
8.3	33.9543	32.433
8.325	35.5715	33.9291
8.35	37.369	35.5974
8.375	39.3651	37.4561
8.4	41.5798	39.5249
8.425	44.0347	41.825
8.45	46.7531	44.3796
8.475	49.7602	47.2136
8.5	53.0829	50.3538
8.525	56.7501	53.8291
8.55	60.7926	57.67
8.575	65.2433	61.9096
8.6	70.137	66.5826
8.625	75.5104	71.7259
8.65	81.4023	77.3785
8.675	87.8533	83.5814
8.7	94.9059	90.3774
8.725	102.604	97.8112
8.75	110.994	105.929
8.775	120.123	114.779
8.8	130.039	124.41
8.825	140.792	134.873
8.85	152.431	146.219
8.875	165.007	158.499
8.9	178.571	171.765
8.925	193.173	186.068
8.95	208.861	201.461
8.975	225.685	217.991
9	243.691	235.707
9.025	262.922	254.655
9.05	283.42	274.879
9.075	305.222	296.417
9.1	328.363	319.305
9.125	352.871	343.575
9.15	378.771	369.252
9.175	406.08	396.357
9.2	434.811	424.903
9.225	464.968	454.897
9.25	496.549	486.339
9.275	529.543	519.219
9.3	563.932	553.519
9.325	599.687	589.215
9.35	636.773	626.27
9.375	675.143	664.639
9.4	714.742	704.268
9.425	755.506	745.093
9.45	797.36	787.04
9.475	840.223	830.027
9.5	884.003	873.961
9.525	928.6	918.742
9.55	973.907	964.262
9.575	1019.81	1010.4
9.6	1066.19	1057.05
9.625	1112.91	1104.07
9.65	1159.86	1151.32
9.675	1206.9	1198.69
9.7	1253.89	1246.03
9.725	1300.7	1293.2
9.75	1347.2	1340.07
9.775	1393.27	1386.5
9.8	1438.77	1432.38
9.825	1483.6	1477.58
9.85	1527.64	1521.99
9.875	1570.81	1565.51
9.9	1613.02	1608.07
9.925	1654.21	1649.58
9.95	1694.33	1690.02
9.975	1733.38	1729.34
10	1771.36	1767.55
10.025	1808.27	1804.69
10.05	1844.14	1840.81
10.075	1879.03	1875.94
10.1	1912.98	1910.12
10.125	1946.03	1943.38
10.15	1978.21	1975.75
10.175	2009.53	2007.27
10.2	2040.02	2037.95
10.225	2069.7	2067.82
10.25	2098.6	2096.9
10.275	2126.73	2125.21
10.3	2154.11	2152.77
10.325	2180.76	2179.58
10.35	2206.68	2205.68
10.375	2231.91	2231.06
10.4	2256.44	2255.75
10.425	2280.28	2279.75
10.45	2303.46	2303.08
10.475	2325.98	2325.75
10.5	2347.85	2347.76
10.525	2369.08	2369.13
10.55	2389.68	2389.87
10.575	2409.65	2409.98
10.6	2429.01	2429.47
10.625	2447.76	2448.35
10.65	2465.92	2466.63
10.675	2483.47	2484.31
10.7	2500.45	2501.41
10.725	2516.84	2517.92
10.75	2532.66	2533.86
10.775	2547.91	2549.23
10.8	2562.61	2564.03
10.825	2576.74	2578.28
10.85	2590.33	2591.98
10.875	2603.38	2605.13
10.9	2615.89	2617.74
10.925	2627.86	2629.81
10.95	2639.31	2641.36
10.975	2650.24	2652.39
11	2660.65	2662.9
11.025	2670.56	2672.89
11.05	2679.95	2682.38
11.075	2688.85	2691.37
11.1	2697.26	2699.86
11.125	2705.18	2707.86
11.15	2712.61	2715.38
11.175	2719.57	2722.42
11.2	2726.05	2728.98
11.225	2732.07	2735.07
11.25	2737.62	2740.7
11.275	2742.72	2745.87
11.3	2747.37	2750.59
11.325	2751.58	2754.86
11.35	2755.34	2758.69
11.375	2758.67	2762.09
11.4	2761.57	2765.05
11.425	2764.05	2767.59
11.45	2766.11	2769.71
11.475	2767.76	2771.42
11.5	2769.01	2772.71
11.525	2769.85	2773.61
11.55	2770.3	2774.11
11.575	2770.36	2774.22
11.6	2770.03	2773.94
11.625	2769.33	2773.29
11.65	2768.26	2772.26
11.675	2766.83	2770.87
11.7	2765.03	2769.11
11.725	2762.88	2767
11.75	2760.38	2764.54
11.775	2757.55	2761.73
11.8	2754.37	2758.59
11.825	2750.87	2755.12
11.85	2747.04	2751.32
11.875	2742.9	2747.21
11.9	2738.44	2742.78
11.925	2733.68	2738.04
11.95	2728.62	2733
11.975	2723.26	2727.67
12	2717.62	2722.05
12.025	2711.7	2716.14
12.05	2705.51	2709.96
12.075	2699.04	2703.51
12.1	2692.31	2696.8
12.125	2685.33	2689.83
12.15	2678.09	2682.6
12.175	2670.61	2675.13
12.2	2662.9	2667.42
12.225	2654.95	2659.48
12.25	2646.77	2651.31
12.275	2638.37	2642.92
12.3	2629.76	2634.31
12.325	2620.95	2625.49
12.35	2611.92	2616.47
12.375	2602.71	2607.25
12.4	2593.3	2597.84
12.425	2583.71	2588.24
12.45	2573.93	2578.47
12.475	2563.99	2568.51
12.5	2553.88	2558.39
12.525	2543.6	2548.11
12.55	2533.17	2537.67
12.575	2522.59	2527.08
12.6	2511.87	2516.34
12.625	2501	2505.47
12.65	2490	2494.45
12.675	2478.88	2483.31
12.7	2467.63	2472.04
12.725	2456.26	2460.66
12.75	2444.78	2449.16
12.775	2433.19	2437.55
12.8	2421.5	2425.85
12.825	2409.71	2414.04
12.85	2397.83	2402.14
12.875	2385.87	2390.15
12.9	2373.82	2378.08
12.925	2361.69	2365.93
12.95	2349.49	2353.7
12.975	2337.23	2341.41
13	2324.9	2329.06
13.025	2312.51	2316.64
13.05	2300.07	2304.17
13.075	2287.57	2291.65
13.1	2275.03	2279.08
13.125	2262.45	2266.48
13.15	2249.84	2253.83
13.175	2237.19	2241.15
13.2	2224.51	2228.44
13.225	2211.8	2215.71
13.25	2199.08	2202.95
13.275	2186.33	2190.17
13.3	2173.58	2177.39
13.325	2160.81	2164.59
13.35	2148.04	2151.78
13.375	2135.26	2138.97
13.4	2122.49	2126.17
13.425	2109.72	2113.36
13.45	2096.95	2100.56
13.475	2084.2	2087.78
13.5	2071.46	2075
13.525	2058.74	2062.24
13.55	2046.03	2049.51
13.575	2033.35	2036.79
13.6	2020.69	2024.1
13.625	2008.07	2011.44
13.65	1995.47	1998.8
13.675	1982.9	1986.2
13.7	1970.37	1973.64
13.725	1957.88	1961.11
13.75	1945.43	1948.63
13.775	1933.03	1936.18
13.8	1920.66	1923.79
13.825	1908.35	1911.44
13.85	1896.08	1899.13
13.875	1883.87	1886.88
13.9	1871.71	1874.69
13.925	1859.6	1862.54
13.95	1847.55	1850.46
13.975	1835.56	1838.43
14	1823.63	1826.47
14.025	1811.76	1814.56
14.05	1799.95	1802.72
14.075	1788.21	1790.94
14.1	1776.53	1779.23
14.125	1764.92	1767.59
14.15	1753.39	1756.02
14.175	1741.92	1744.51
14.2	1730.52	1733.08
14.225	1719.19	1721.72
14.25	1707.94	1710.44
14.275	1696.76	1699.22
14.3	1685.66	1688.09
14.325	1674.63	1677.03
14.35	1663.68	1666.04
14.375	1652.8	1655.14
14.4	1642.01	1644.31
14.425	1631.29	1633.56
14.45	1620.65	1622.89
14.475	1610.1	1612.3
14.5	1599.62	1601.79
14.525	1589.22	1591.37
14.55	1578.91	1581.02
14.575	1568.68	1570.76
14.6	1558.53	1560.58
14.625	1548.46	1550.48
14.65	1538.48	1540.47
14.675	1528.57	1530.54
14.7	1518.75	1520.69
14.725	1509.02	1510.92
14.75	1499.36	1501.24
14.775	1489.79	1491.64
14.8	1480.31	1482.13
14.825	1470.91	1472.7
14.85	1461.59	1463.35
14.875	1452.35	1454.09
14.9	1443.2	1444.91
14.925	1434.12	1435.81
14.95	1425.14	1426.8
14.975	1416.23	1417.87
15	1407.41	1409.02
15.025	1398.67	1400.26
15.05	1390.01	1391.57
15.075	1381.43	1382.97
15.1	1372.94	1374.45
15.125	1364.52	1366.01
15.15	1356.19	1357.65
15.175	1347.93	1349.38
15.2	1339.76	1341.18
15.225	1331.66	1333.06
15.25	1323.65	1325.02
15.275	1315.71	1317.06
15.3	1307.85	1309.18
15.325	1300.06	1301.38
15.35	1292.36	1293.65
15.375	1284.73	1286
15.4	1277.18	1278.43
15.425	1269.7	1270.93
15.45	1262.3	1263.51
15.475	1254.97	1256.16
15.5	1247.71	1248.89
15.525	1240.53	1241.69
15.55	1233.42	1234.56
15.575	1226.39	1227.5
15.6	1219.42	1220.52
15.625	1212.53	1213.61
15.65	1205.7	1206.77
15.675	1198.95	1199.99
15.7	1192.26	1193.29
15.725	1185.64	1186.66
15.75	1179.09	1180.09
15.775	1172.61	1173.59
15.8	1166.19	1167.16
15.825	1159.84	1160.79
15.85	1153.55	1154.49
15.875	1147.33	1148.25
15.9	1141.17	1142.08
15.925	1135.07	1135.97
15.95	1129.04	1129.92
15.975	1123.07	1123.94
16	1117.16	1118.01
16.025	1111.31	1112.15
16.05	1105.52	1106.35
16.075	1099.79	1100.6
16.1	1094.12	1094.92
16.125	1088.5	1089.29
16.15	1082.94	1083.72
16.175	1077.44	1078.21
16.2	1072	1072.75
16.225	1066.61	1067.35
16.25	1061.27	1062
16.275	1055.99	1056.71
16.3	1050.76	1051.47
16.325	1045.58	1046.28
16.35	1040.46	1041.14
16.375	1035.39	1036.06
16.4	1030.36	1031.03
16.425	1025.39	1026.05
16.45	1020.47	1021.11
16.475	1015.6	1016.23
16.5	1010.77	1011.4
16.525	1005.99	1006.61
16.55	1001.26	1001.87
16.575	996.578	997.176
16.6	991.94	992.529
16.625	987.347	987.928
16.65	982.799	983.371
16.675	978.295	978.859
16.7	973.834	974.391
16.725	969.417	969.966
16.75	965.043	965.583
16.775	960.71	961.243
16.8	956.419	956.944
16.825	952.168	952.686
16.85	947.958	948.469
16.875	943.788	944.292
16.9	939.658	940.154
16.925	935.566	936.055
16.95	931.512	931.995
16.975	927.496	927.972
17	923.518	923.987
17.025	919.576	920.039
17.05	915.671	916.128
17.075	911.802	912.252
17.1	907.968	908.412
17.125	904.169	904.607
17.15	900.405	900.837
17.175	896.674	897.101
17.2	892.977	893.399
17.225	889.314	889.73
17.25	885.683	886.093
17.275	882.085	882.49
17.3	878.518	878.918
17.325	874.983	875.378
17.35	871.479	871.869
17.375	868.005	868.39
17.4	864.562	864.942
17.425	861.149	861.524
17.45	857.765	858.136
17.475	854.411	854.777
17.5	851.085	851.446
17.525	847.787	848.144
17.55	844.518	844.87
17.575	841.276	841.624
17.6	838.061	838.406
17.625	834.874	835.214
17.65	831.713	832.049
17.675	828.578	828.91
17.7	825.469	825.797
17.725	822.386	822.71
17.75	819.328	819.648
17.775	816.295	816.612
17.8	813.286	813.599
17.825	810.302	810.612
17.85	807.342	807.648
17.875	804.406	804.708
17.9	801.493	801.792
17.925	798.603	798.899
17.95	795.736	796.029
17.975	792.892	793.181
18	790.07	790.356
18.025	787.27	787.553
18.05	784.492	784.772
18.075	781.735	782.012
18.1	778.999	779.273
18.125	776.285	776.556
18.15	773.591	773.859
18.175	770.917	771.183
18.2	768.264	768.527
18.225	765.631	765.891
18.25	763.017	763.274
18.275	760.423	760.678
18.3	757.849	758.101
18.325	755.293	755.542
18.35	752.756	753.003
18.375	750.238	750.482
18.4	747.738	747.98
18.425	745.256	745.496
18.45	742.793	743.03
18.475	740.347	740.581
18.5	737.918	738.151
18.525	735.507	735.737
18.55	733.113	733.341
18.575	730.736	730.962
18.6	728.376	728.6
18.625	726.033	726.254
18.65	723.705	723.925
18.675	721.395	721.612
18.7	719.1	719.315
18.725	716.82	717.034
18.75	714.557	714.768
18.775	712.309	712.518
18.8	710.077	710.284
18.825	707.859	708.065
18.85	705.657	705.86
18.875	703.469	703.671
18.9	701.296	701.496
18.925	699.138	699.336
18.95	696.994	697.191
18.975	694.864	695.059
19	692.749	692.942
19.025	690.647	690.838
19.05	688.559	688.749
19.075	686.485	686.673
19.1	684.424	684.61
19.125	682.376	682.561
19.15	680.342	680.525
19.175	678.321	678.503
19.2	676.313	676.493
19.225	674.317	674.496
19.25	672.334	672.512
19.275	670.364	670.54
19.3	668.406	668.581
19.325	666.461	666.634
19.35	664.528	664.699
19.375	662.606	662.777
19.4	660.697	660.866
19.425	658.8	658.967
19.45	656.914	657.08
19.475	655.04	655.205
19.5	653.177	653.341
19.525	651.326	651.488
19.55	649.486	649.647
19.575	647.657	647.816
19.6	645.839	645.997
19.625	644.032	644.189
19.65	642.236	642.392
19.675	640.45	640.605
19.7	638.676	638.829
19.725	636.911	637.064
19.75	635.158	635.309
19.775	633.414	633.564
19.8	631.681	631.83
19.825	629.958	630.106
19.85	628.245	628.392
19.875	626.542	626.688
19.9	624.848	624.993
19.925	623.165	623.309
19.95	621.491	621.634
19.975	619.827	619.969
20	618.172	618.313
