Reading /usr/local/share/feelpp/testcases/quickstart/laplacian/circle/circle-dirichlet.cfg...
[ Starting Feel++ ] application qs_laplacian version 0.104.0-alpha.40 date 2018-Apr-17
 . qs_laplacian files are stored in /feel/qs_laplacian/circle-dirichlet/np_1
 .. logfiles :/feel/qs_laplacian/circle-dirichlet/np_1/logs
[loadMesh] Loading mesh in format geo+msh: "/usr/local/share/feelpp/testcases/quickstart/laplacian/circle/circle-dirichlet.geo"
[loadMesh] Use default geo desc: /usr/local/share/feelpp/testcases/quickstart/laplacian/circle/circle-dirichlet.geo 0.1
[loadMesh] Time : 0.0689365s
[Vh] Time : 0.0120969s
[l] Time : 0.0180983s
 [a] Time : 0.0378079s
[a] Time : 0.0507547s
[a.solve] Time : 0.0267429s
 [Exporter] Time : 0.0319186s
 [L2 error norm] Time : 0.00716316s
 [H1 error norm] Time : 0.0263121s
Checker exact verification failed for ||u-u_h||_H1
 Computed error 1.39788e-14 <1>
 Tolerance 1e-15
Checker exact verification failed for ||u-u_h||_L2
 Computed error 1.54287e-15 <2>
 Tolerance 1e-15
[env] Time : 0.246247s
[ Stopping Feel++ ] application qs_laplacian execution time 0.246247s
