#Time	Computed	Exact
0.025	20	20
0.05	20	20
0.075	20	20
0.1	20	20
0.125	20	20
0.15	20	20
0.175	20	20
0.2	20	20
0.225	20	20
0.25	20	20
0.275	20	20
0.3	20	20
0.325	20	20
0.35	20	20
0.375	20	20
0.4	20	20
0.425	20	20
0.45	20	20
0.475	20	20
0.5	20	20
0.525	20	20
0.55	20	20
0.575	20	20
0.6	20	20
0.625	20	20
0.65	20	20
0.675	20	20
0.7	20	20
0.725	20	20
0.75	20	20
0.775	20	20
0.8	20	20
0.825	20	20
0.85	20	20
0.875	20	20
0.9	20	20
0.925	20	20
0.95	20	20
0.975	20	20
1	20	20
1.025	20	20
1.05	20	20
1.075	20	20
1.1	20	20
1.125	20	20
1.15	20	20
1.175	20	20
1.2	20	20
1.225	20	20
1.25	20	20
1.275	20	20
1.3	20	20
1.325	20	20
1.35	20	20
1.375	20	20
1.4	20	20
1.425	20	20
1.45	20	20
1.475	20	20
1.5	20	20
1.525	20	20
1.55	20	20
1.575	20	20
1.6	20	20
1.625	20	20
1.65	20	20
1.675	20	20
1.7	20	20
1.725	20	20
1.75	20	20
1.775	20	20
1.8	20	20
1.825	20	20
1.85	20	20
1.875	20	20
1.9	20	20
1.925	20	20
1.95	20	20
1.975	20	20
2	20	20
2.025	20	20
2.05	20	20
2.075	20	20
2.1	20	20
2.125	20	20
2.15	20	20
2.175	20	20
2.2	20	20
2.225	20	20
2.25	20	20
2.275	20	20
2.3	20	20
2.325	20	20
2.35	20	20
2.375	20	20
2.4	20	20
2.425	20	20
2.45	20	20
2.475	20	20
2.5	20	20
2.525	20	20
2.55	20	20
2.575	20.0001	20
2.6	20.0001	20.0001
2.625	20.0001	20.0001
2.65	20.0001	20.0001
2.675	20.0001	20.0001
2.7	20.0001	20.0001
2.725	20.0001	20.0001
2.75	20.0001	20.0001
2.775	20.0001	20.0001
2.8	20.0002	20.0001
2.825	20.0002	20.0001
2.85	20.0002	20.0002
2.875	20.0002	20.0002
2.9	20.0002	20.0002
2.925	20.0003	20.0002
2.95	20.0003	20.0002
2.975	20.0003	20.0003
3	20.0004	20.0003
3.025	20.0004	20.0003
3.05	20.0004	20.0004
3.075	20.0005	20.0004
3.1	20.0005	20.0005
3.125	20.0006	20.0005
3.15	20.0007	20.0006
3.175	20.0007	20.0006
3.2	20.0008	20.0007
3.225	20.0009	20.0008
3.25	20.001	20.0009
3.275	20.0011	20.0009
3.3	20.0012	20.001
3.325	20.0013	20.0012
3.35	20.0015	20.0013
3.375	20.0016	20.0014
3.4	20.0018	20.0016
3.425	20.002	20.0017
3.45	20.0022	20.0019
3.475	20.0024	20.0021
3.5	20.0026	20.0023
3.525	20.0029	20.0026
3.55	20.0032	20.0028
3.575	20.0035	20.0031
3.6	20.0039	20.0035
3.625	20.0043	20.0038
3.65	20.0047	20.0042
3.675	20.0052	20.0046
3.7	20.0057	20.0051
3.725	20.0063	20.0056
3.75	20.0069	20.0062
3.775	20.0076	20.0068
3.8	20.0083	20.0075
3.825	20.0091	20.0082
3.85	20.01	20.009
3.875	20.011	20.0099
3.9	20.0121	20.0109
3.925	20.0132	20.0119
3.95	20.0145	20.0131
3.975	20.0159	20.0144
4	20.0174	20.0158
4.025	20.0191	20.0173
4.05	20.0209	20.019
4.075	20.0228	20.0208
4.1	20.025	20.0228
4.125	20.0274	20.025
4.15	20.0299	20.0273
4.175	20.0327	20.0299
4.2	20.0357	20.0327
4.225	20.039	20.0358
4.25	20.0426	20.0392
4.275	20.0466	20.0428
4.3	20.0508	20.0468
4.325	20.0555	20.0511
4.35	20.0605	20.0558
4.375	20.066	20.0609
4.4	20.0719	20.0665
4.425	20.0784	20.0725
4.45	20.0854	20.0791
4.475	20.093	20.0862
4.5	20.1013	20.094
4.525	20.1102	20.1024
4.55	20.1199	20.1115
4.575	20.1304	20.1214
4.6	20.1418	20.1321
4.625	20.1542	20.1438
4.65	20.1675	20.1564
4.675	20.182	20.17
4.7	20.1976	20.1848
4.725	20.2145	20.2008
4.75	20.2328	20.2181
4.775	20.2526	20.2368
4.8	20.2739	20.257
4.825	20.297	20.2789
4.85	20.3219	20.3025
4.875	20.3487	20.328
4.9	20.3777	20.3555
4.925	20.4089	20.3852
4.95	20.4426	20.4173
4.975	20.4789	20.4518
5	20.518	20.4891
5.025	20.5601	20.5292
5.05	20.6054	20.5724
5.075	20.6541	20.619
5.1	20.7065	20.669
5.125	20.7629	20.7229
5.15	20.8235	20.7809
5.175	20.8886	20.8432
5.2	20.9585	20.9101
5.225	21.0335	20.9821
5.25	21.1141	21.0593
5.275	21.2005	21.1422
5.3	21.2931	21.2312
5.325	21.3925	21.3266
5.35	21.4989	21.4289
5.375	21.613	21.5386
5.4	21.7351	21.6561
5.425	21.8657	21.7819
5.45	22.0056	21.9166
5.475	22.1551	22.0607
5.5	22.3151	22.2149
5.525	22.486	22.3798
5.55	22.6685	22.5561
5.575	22.8635	22.7444
5.6	23.0717	22.9455
5.625	23.2938	23.1602
5.65	23.5308	23.3894
5.675	23.7834	23.6339
5.7	24.0527	23.8946
5.725	24.3397	24.1725
5.75	24.6453	24.4686
5.775	24.9706	24.7841
5.8	25.3169	25.1199
5.825	25.6852	25.4773
5.85	26.077	25.8576
5.875	26.4934	26.262
5.9	26.9358	26.6919
5.925	27.4057	27.1486
5.95	27.9047	27.6338
5.975	28.4343	28.149
6	28.9961	28.6958
6.025	29.5919	29.2759
6.05	30.2234	29.891
6.075	30.8927	30.5432
6.1	31.6016	31.2342
6.125	32.3521	31.9661
6.15	33.1465	32.7411
6.175	33.987	33.5613
6.2	34.8758	34.429
6.225	35.8153	35.3467
6.25	36.8082	36.3167
6.275	37.8569	37.3417
6.3	38.9641	38.4243
6.325	40.1328	39.5674
6.35	41.3657	40.7737
6.375	42.6659	42.0463
6.4	44.0365	43.3883
6.425	45.4807	44.8028
6.45	47.0019	46.2932
6.475	48.6036	47.863
6.5	50.2892	49.5156
6.525	52.0624	51.2548
6.55	53.9272	53.0842
6.575	55.8873	55.0079
6.6	57.9469	57.0298
6.625	60.11	59.154
6.65	62.381	61.3848
6.675	64.7642	63.7267
6.7	67.2643	66.184
6.725	69.8857	68.7614
6.75	72.6333	71.4638
6.775	75.512	74.2958
6.8	78.5267	77.2626
6.825	81.6827	80.3693
6.85	84.985	83.621
6.875	88.4392	87.0232
6.9	92.0506	90.5812
6.925	95.8249	94.3007
6.95	99.7677	98.1874
6.975	103.885	102.247
7	108.182	106.486
7.025	112.666	110.909
7.05	117.342	115.524
7.075	122.216	120.335
7.1	127.296	125.35
7.125	132.587	130.575
7.15	138.095	136.017
7.175	143.827	141.681
7.2	149.791	147.575
7.225	155.991	153.705
7.25	162.436	160.078
7.275	169.132	166.701
7.3	176.086	173.58
7.325	183.304	180.723
7.35	190.793	188.136
7.375	198.56	195.826
7.4	206.613	203.8
7.425	214.958	212.065
7.45	223.601	220.628
7.475	232.55	229.496
7.5	241.811	238.676
7.525	251.391	248.173
7.55	261.297	257.996
7.575	271.536	268.151
7.6	282.113	278.644
7.625	293.036	289.482
7.65	304.31	300.671
7.675	315.942	312.218
7.7	327.938	324.129
7.725	340.303	336.409
7.75	353.044	349.064
7.775	366.166	362.101
7.8	379.675	375.524
7.825	393.575	389.339
7.85	407.871	403.551
7.875	422.569	418.165
7.9	437.672	433.185
7.925	453.185	448.615
7.95	469.111	464.46
7.975	485.455	480.723
8	502.22	497.408
8.025	519.407	514.518
8.05	537.021	532.055
8.075	555.064	550.021
8.1	573.536	568.42
8.125	592.441	587.252
8.15	611.778	606.519
8.175	631.548	626.221
8.2	651.753	646.359
8.225	672.391	666.933
8.25	693.462	687.942
8.275	714.965	709.386
8.3	736.898	731.262
8.325	759.26	753.57
8.35	782.047	776.306
8.375	805.257	799.467
8.4	828.885	823.051
8.425	852.929	847.053
8.45	877.383	871.469
8.475	902.243	896.293
8.5	927.501	921.521
8.525	953.153	947.145
8.55	979.191	973.159
8.575	1005.61	999.557
8.6	1032.4	1026.33
8.625	1059.55	1053.47
8.65	1087.05	1080.96
8.675	1114.9	1108.81
8.7	1143.08	1136.99
8.725	1171.59	1165.5
8.75	1200.4	1194.33
8.775	1229.52	1223.46
8.8	1258.92	1252.88
8.825	1288.6	1282.59
8.85	1318.54	1312.56
8.875	1348.73	1342.78
8.9	1379.15	1373.23
8.925	1409.78	1403.91
8.95	1440.62	1434.8
8.975	1471.65	1465.88
9	1502.84	1497.13
9.025	1534.19	1528.55
9.05	1565.68	1560.1
9.075	1597.28	1591.78
9.1	1628.98	1623.56
9.125	1660.77	1655.43
9.15	1692.61	1687.36
9.175	1724.5	1719.35
9.2	1756.42	1751.36
9.225	1788.34	1783.38
9.25	1820.25	1815.4
9.275	1852.12	1847.38
9.3	1883.93	1879.31
9.325	1915.67	1911.17
9.35	1947.31	1942.94
9.375	1978.84	1974.6
9.4	2010.23	2006.12
9.425	2041.45	2037.48
9.45	2072.5	2068.67
9.475	2103.35	2099.66
9.5	2133.97	2130.44
9.525	2164.35	2160.97
9.55	2194.46	2191.24
9.575	2224.29	2221.24
9.6	2253.82	2250.92
9.625	2283.02	2280.29
9.65	2311.87	2309.31
9.675	2340.36	2337.97
9.7	2368.46	2366.25
9.725	2396.16	2394.12
9.75	2423.43	2421.57
9.775	2450.25	2448.58
9.8	2476.62	2475.13
9.825	2502.51	2501.2
9.85	2527.9	2526.77
9.875	2552.77	2551.83
9.9	2577.11	2576.36
9.925	2600.91	2600.35
9.95	2624.14	2623.77
9.975	2646.79	2646.61
10	2668.86	2668.87
10.025	2690.31	2690.51
10.05	2711.15	2711.53
10.075	2731.35	2731.93
10.1	2750.91	2751.67
10.125	2769.81	2770.76
10.15	2788.04	2789.18
10.175	2805.6	2806.93
10.2	2822.47	2823.98
10.225	2838.64	2840.34
10.25	2854.12	2855.99
10.275	2868.88	2870.93
10.3	2882.93	2885.16
10.325	2896.25	2898.66
10.35	2908.85	2911.43
10.375	2920.71	2923.46
10.4	2931.84	2934.76
10.425	2942.23	2945.31
10.45	2951.88	2955.13
10.475	2960.79	2964.2
10.5	2968.96	2972.52
10.525	2976.39	2980.1
10.55	2983.08	2986.94
10.575	2989.03	2993.03
10.6	2994.24	2998.38
10.625	2998.72	3003
10.65	3002.47	3006.88
10.675	3005.5	3010.04
10.7	3007.81	3012.47
10.725	3009.4	3014.18
10.75	3010.28	3015.18
10.775	3010.47	3015.48
10.8	3009.96	3015.08
10.825	3008.77	3013.99
10.85	3006.9	3012.22
10.875	3004.37	3009.78
10.9	3001.18	3006.68
10.925	2997.34	3002.92
10.95	2992.87	2998.53
10.975	2987.78	2993.51
11	2982.07	2987.88
11.025	2975.76	2981.64
11.05	2968.87	2974.8
11.075	2961.4	2967.39
11.1	2953.38	2959.42
11.125	2944.8	2950.89
11.15	2935.69	2941.83
11.175	2926.07	2932.24
11.2	2915.93	2922.14
11.225	2905.31	2911.55
11.25	2894.22	2900.48
11.275	2882.66	2888.94
11.3	2870.66	2876.96
11.325	2858.23	2864.54
11.35	2845.39	2851.71
11.375	2832.14	2838.47
11.4	2818.52	2824.85
11.425	2804.53	2810.85
11.45	2790.19	2796.5
11.475	2775.51	2781.82
11.5	2760.51	2766.8
11.525	2745.2	2751.48
11.55	2729.61	2735.87
11.575	2713.74	2719.98
11.6	2697.62	2703.83
11.625	2681.25	2687.43
11.65	2664.65	2670.8
11.675	2647.84	2653.96
11.7	2630.83	2636.91
11.725	2613.64	2619.68
11.75	2596.28	2602.27
11.775	2578.76	2584.71
11.8	2561.1	2567
11.825	2543.31	2549.16
11.85	2525.4	2531.2
11.875	2507.39	2513.14
11.9	2489.3	2494.99
11.925	2471.12	2476.76
11.95	2452.89	2458.46
11.975	2434.6	2440.11
12	2416.27	2421.72
12.025	2397.9	2403.3
12.05	2379.53	2384.85
12.075	2361.14	2366.4
12.1	2342.75	2347.95
12.125	2324.38	2329.51
12.15	2306.03	2311.09
12.175	2287.71	2292.7
12.2	2269.43	2274.36
12.225	2251.2	2256.06
12.25	2233.03	2237.81
12.275	2214.92	2219.64
12.3	2196.88	2201.53
12.325	2178.93	2183.51
12.35	2161.06	2165.57
12.375	2143.29	2147.72
12.4	2125.62	2129.98
12.425	2108.05	2112.34
12.45	2090.6	2094.82
12.475	2073.26	2077.41
12.5	2056.05	2060.13
12.525	2038.96	2042.97
12.55	2022.01	2025.94
12.575	2005.19	2009.06
12.6	1988.51	1992.31
12.625	1971.97	1975.7
12.65	1955.58	1959.25
12.675	1939.35	1942.94
12.7	1923.26	1926.79
12.725	1907.33	1910.79
12.75	1891.56	1894.96
12.775	1875.95	1879.28
12.8	1860.49	1863.76
12.825	1845.21	1848.41
12.85	1830.09	1833.23
12.875	1815.13	1818.21
12.9	1800.34	1803.36
12.925	1785.72	1788.68
12.95	1771.27	1774.17
12.975	1756.98	1759.83
13	1742.87	1745.65
13.025	1728.92	1731.65
13.05	1715.15	1717.82
13.075	1701.54	1704.16
13.1	1688.1	1690.67
13.125	1674.83	1677.35
13.15	1661.73	1664.19
13.175	1648.8	1651.21
13.2	1636.03	1638.39
13.225	1623.43	1625.74
13.25	1610.99	1613.25
13.275	1598.71	1600.93
13.3	1586.6	1588.77
13.325	1574.65	1576.78
13.35	1562.86	1564.94
13.375	1551.22	1553.26
13.4	1539.74	1541.74
13.425	1528.42	1530.38
13.45	1517.25	1519.17
13.475	1506.23	1508.11
13.5	1495.37	1497.2
13.525	1484.65	1486.45
13.55	1474.07	1475.84
13.575	1463.65	1465.37
13.6	1453.36	1455.05
13.625	1443.21	1444.87
13.65	1433.21	1434.83
13.675	1423.34	1424.93
13.7	1413.61	1415.16
13.725	1404	1405.53
13.75	1394.53	1396.03
13.775	1385.19	1386.66
13.8	1375.98	1377.42
13.825	1366.89	1368.3
13.85	1357.93	1359.31
13.875	1349.09	1350.44
13.9	1340.36	1341.69
13.925	1331.76	1333.06
13.95	1323.27	1324.54
13.975	1314.89	1316.14
14	1306.63	1307.85
14.025	1298.47	1299.67
14.05	1290.43	1291.6
14.075	1282.49	1283.64
14.1	1274.65	1275.78
14.125	1266.92	1268.03
14.15	1259.28	1260.38
14.175	1251.75	1252.82
14.2	1244.31	1245.37
14.225	1236.97	1238.01
14.25	1229.73	1230.74
14.275	1222.57	1223.57
14.3	1215.51	1216.49
14.325	1208.53	1209.49
14.35	1201.65	1202.59
14.375	1194.84	1195.77
14.4	1188.13	1189.04
14.425	1181.49	1182.39
14.45	1174.94	1175.82
14.475	1168.47	1169.33
14.5	1162.07	1162.92
14.525	1155.75	1156.59
14.55	1149.51	1150.33
14.575	1143.34	1144.15
14.6	1137.24	1138.04
14.625	1131.22	1132
14.65	1125.27	1126.03
14.675	1119.38	1120.14
14.7	1113.56	1114.31
14.725	1107.81	1108.54
14.75	1102.13	1102.85
14.775	1096.51	1097.22
14.8	1090.95	1091.65
14.825	1085.45	1086.14
14.85	1080.02	1080.7
14.875	1074.64	1075.31
14.9	1069.33	1069.98
14.925	1064.07	1064.72
14.95	1058.87	1059.51
14.975	1053.72	1054.35
15	1048.63	1049.25
15.025	1043.6	1044.2
15.05	1038.61	1039.21
15.075	1033.68	1034.27
15.1	1028.8	1029.38
15.125	1023.97	1024.55
15.15	1019.19	1019.76
15.175	1014.46	1015.02
15.2	1009.78	1010.33
15.225	1005.14	1005.69
15.25	1000.55	1001.09
15.275	996.01	996.538
15.3	991.511	992.032
15.325	987.057	987.571
15.35	982.646	983.153
15.375	978.278	978.779
15.4	973.953	974.447
15.425	969.669	970.156
15.45	965.425	965.907
15.475	961.222	961.697
15.5	957.059	957.528
15.525	952.935	953.398
15.55	948.849	949.307
15.575	944.802	945.253
15.6	940.791	941.237
15.625	936.818	937.258
15.65	932.88	933.315
15.675	928.979	929.408
15.7	925.112	925.536
15.725	921.28	921.699
15.75	917.483	917.897
15.775	913.719	914.128
15.8	909.988	910.392
15.825	906.29	906.69
15.85	902.625	903.019
15.875	898.991	899.381
15.9	895.389	895.774
15.925	891.817	892.198
15.95	888.276	888.653
15.975	884.766	885.138
16	881.284	881.653
16.025	877.833	878.197
16.05	874.41	874.77
16.075	871.016	871.372
16.1	867.65	868.002
16.125	864.311	864.66
16.15	861.001	861.345
16.175	857.717	858.058
16.2	854.46	854.797
16.225	851.229	851.563
16.25	848.024	848.354
16.275	844.846	845.172
16.3	841.692	842.015
16.325	838.564	838.883
16.35	835.46	835.776
16.375	832.38	832.693
16.4	829.325	829.635
16.425	826.294	826.6
16.45	823.286	823.59
16.475	820.302	820.602
16.5	817.34	817.637
16.525	814.401	814.695
16.55	811.485	811.776
16.575	808.59	808.879
16.6	805.718	806.004
16.625	802.867	803.15
16.65	800.038	800.318
16.675	797.23	797.507
16.7	794.442	794.717
16.725	791.676	791.947
16.75	788.929	789.198
16.775	786.203	786.47
16.8	783.497	783.761
16.825	780.81	781.072
16.85	778.143	778.402
16.875	775.495	775.752
16.9	772.866	773.121
16.925	770.256	770.508
16.95	767.665	767.915
16.975	765.092	765.34
17	762.538	762.783
17.025	760.001	760.244
17.05	757.482	757.723
17.075	754.981	755.219
17.1	752.497	752.733
17.125	750.03	750.264
17.15	747.581	747.813
17.175	745.148	745.378
17.2	742.732	742.96
17.225	740.332	740.558
17.25	737.949	738.173
17.275	735.582	735.804
17.3	733.231	733.451
17.325	730.896	731.114
17.35	728.576	728.793
17.375	726.272	726.487
17.4	723.984	724.196
17.425	721.71	721.921
17.45	719.452	719.661
17.475	717.208	717.415
17.5	714.979	715.185
17.525	712.765	712.969
17.55	710.565	710.767
17.575	708.379	708.58
17.6	706.208	706.407
17.625	704.05	704.248
17.65	701.906	702.102
17.675	699.777	699.971
17.7	697.66	697.853
17.725	695.557	695.749
17.75	693.468	693.657
17.775	691.391	691.579
17.8	689.328	689.515
17.825	687.277	687.463
17.85	685.24	685.424
17.875	683.215	683.397
17.9	681.203	681.384
17.925	679.203	679.382
17.95	677.215	677.393
17.975	675.24	675.417
18	673.276	673.452
18.025	671.325	671.499
18.05	669.386	669.559
18.075	667.458	667.63
18.1	665.542	665.712
18.125	663.637	663.806
18.15	661.744	661.912
18.175	659.862	660.029
18.2	657.992	658.157
18.225	656.133	656.297
18.25	654.284	654.447
18.275	652.447	652.609
18.3	650.62	650.781
18.325	648.804	648.964
18.35	646.999	647.157
18.375	645.204	645.361
18.4	643.419	643.576
18.425	641.645	641.801
18.45	639.882	640.036
18.475	638.128	638.281
18.5	636.385	636.536
18.525	634.651	634.802
18.55	632.927	633.077
18.575	631.213	631.362
18.6	629.509	629.657
18.625	627.815	627.962
18.65	626.13	626.276
18.675	624.454	624.599
18.7	622.788	622.932
18.725	621.131	621.274
18.75	619.484	619.626
18.775	617.845	617.987
18.8	616.216	616.356
18.825	614.596	614.735
18.85	612.984	613.123
18.875	611.382	611.519
18.9	609.788	609.925
18.925	608.203	608.339
18.95	606.626	606.761
18.975	605.058	605.192
19	603.499	603.632
19.025	601.948	602.08
19.05	600.405	600.537
19.075	598.871	599.002
19.1	597.345	597.475
19.125	595.827	595.956
19.15	594.317	594.445
19.175	592.815	592.942
19.2	591.321	591.447
19.225	589.834	589.96
19.25	588.356	588.481
19.275	586.885	587.01
19.3	585.423	585.546
19.325	583.967	584.09
19.35	582.519	582.642
19.375	581.079	581.201
19.4	579.647	579.767
19.425	578.221	578.341
19.45	576.803	576.923
19.475	575.392	575.511
19.5	573.989	574.107
19.525	572.592	572.71
19.55	571.203	571.32
19.575	569.821	569.937
19.6	568.446	568.561
19.625	567.077	567.192
19.65	565.716	565.83
19.675	564.361	564.475
19.7	563.014	563.126
19.725	561.673	561.785
19.75	560.338	560.45
19.775	559.01	559.121
19.8	557.689	557.8
19.825	556.375	556.484
19.85	555.066	555.176
19.875	553.765	553.873
19.9	552.469	552.577
19.925	551.18	551.288
19.95	549.898	550.004
19.975	548.621	548.727
20	547.351	547.457
