#Time	Computed	Exact
0.025	20.0003	20.0004
0.05	20.0007	20.0007
0.075	20.001	20.001
0.1	20.0014	20.0014
0.125	20.0017	20.0017
0.15	20.0021	20.002
0.175	20.0025	20.0024
0.2	20.0029	20.0028
0.225	20.0033	20.0032
0.25	20.0037	20.0036
0.275	20.0042	20.0041
0.3	20.0047	20.0046
0.325	20.0052	20.0051
0.35	20.0058	20.0056
0.375	20.0064	20.0062
0.4	20.007	20.0068
0.425	20.0077	20.0075
0.45	20.0084	20.0082
0.475	20.0092	20.0089
0.5	20.01	20.0097
0.525	20.0108	20.0106
0.55	20.0118	20.0114
0.575	20.0127	20.0124
0.6	20.0138	20.0134
0.625	20.0149	20.0145
0.65	20.016	20.0156
0.675	20.0173	20.0168
0.7	20.0186	20.0181
0.725	20.02	20.0194
0.75	20.0214	20.0209
0.775	20.023	20.0224
0.8	20.0247	20.024
0.825	20.0265	20.0257
0.85	20.0283	20.0276
0.875	20.0303	20.0295
0.9	20.0324	20.0315
0.925	20.0347	20.0337
0.95	20.037	20.036
0.975	20.0395	20.0385
1	20.0422	20.041
1.025	20.045	20.0438
1.05	20.048	20.0467
1.075	20.0511	20.0498
1.1	20.0544	20.053
1.125	20.058	20.0564
1.15	20.0617	20.0601
1.175	20.0656	20.0639
1.2	20.0698	20.068
1.225	20.0742	20.0723
1.25	20.0789	20.0768
1.275	20.0838	20.0816
1.3	20.089	20.0867
1.325	20.0944	20.092
1.35	20.1002	20.0977
1.375	20.1063	20.1036
1.4	20.1128	20.1099
1.425	20.1196	20.1166
1.45	20.1268	20.1236
1.475	20.1344	20.131
1.5	20.1423	20.1388
1.525	20.1508	20.147
1.55	20.1596	20.1557
1.575	20.169	20.1648
1.6	20.1789	20.1744
1.625	20.1893	20.1846
1.65	20.2002	20.1953
1.675	20.2117	20.2066
1.7	20.2239	20.2184
1.725	20.2367	20.2309
1.75	20.2501	20.2441
1.775	20.2643	20.2579
1.8	20.2792	20.2725
1.825	20.2948	20.2878
1.85	20.3113	20.304
1.875	20.3287	20.3209
1.9	20.3469	20.3388
1.925	20.3661	20.3575
1.95	20.3862	20.3773
1.975	20.4074	20.398
2	20.4296	20.4198
2.025	20.453	20.4427
2.05	20.4775	20.4667
2.075	20.5033	20.4919
2.1	20.5304	20.5185
2.125	20.5588	20.5463
2.15	20.5886	20.5755
2.175	20.6199	20.6062
2.2	20.6527	20.6384
2.225	20.6872	20.6722
2.25	20.7233	20.7076
2.275	20.7612	20.7447
2.3	20.8009	20.7837
2.325	20.8426	20.8246
2.35	20.8862	20.8674
2.375	20.932	20.9123
2.4	20.9799	20.9593
2.425	21.0301	21.0086
2.45	21.0827	21.0602
2.475	21.1378	21.1143
2.5	21.1955	21.1709
2.525	21.2559	21.2302
2.55	21.3191	21.2923
2.575	21.3853	21.3573
2.6	21.4545	21.4252
2.625	21.5269	21.4964
2.65	21.6026	21.5708
2.675	21.6819	21.6486
2.7	21.7647	21.7301
2.725	21.8513	21.8152
2.75	21.9419	21.9042
2.775	22.0365	21.9972
2.8	22.1354	22.0944
2.825	22.2387	22.196
2.85	22.3466	22.3021
2.875	22.4593	22.4129
2.9	22.577	22.5287
2.925	22.6999	22.6496
2.95	22.8281	22.7758
2.975	22.962	22.9076
3	23.1018	23.0451
3.025	23.2475	23.1886
3.05	23.3996	23.3383
3.075	23.5583	23.4944
3.1	23.7237	23.6573
3.125	23.8962	23.8271
3.15	24.076	24.0042
3.175	24.2634	24.1888
3.2	24.4588	24.3812
3.225	24.6623	24.5818
3.25	24.8744	24.7907
3.275	25.0953	25.0083
3.3	25.3253	25.235
3.325	25.5649	25.4711
3.35	25.8143	25.7169
3.375	26.0739	25.9728
3.4	26.3441	26.2392
3.425	26.6252	26.5164
3.45	26.9178	26.8049
3.475	27.2221	27.105
3.5	27.5386	27.4171
3.525	27.8677	27.7418
3.55	28.2099	28.0794
3.575	28.5657	28.4303
3.6	28.9354	28.7952
3.625	29.3197	29.1744
3.65	29.7189	29.5684
3.675	30.1337	29.9777
3.7	30.5645	30.403
3.725	31.0119	30.8447
3.75	31.4765	31.3034
3.775	31.9587	31.7796
3.8	32.4594	32.2739
3.825	32.9789	32.787
3.85	33.518	33.3195
3.875	34.0773	33.872
3.9	34.6575	34.4452
3.925	35.2592	35.0396
3.95	35.8831	35.6562
3.975	36.53	36.2954
4	37.2006	36.9581
4.025	37.8955	37.645
4.05	38.6157	38.3569
4.075	39.3619	39.0946
4.1	40.1349	39.8588
4.125	40.9354	40.6504
4.15	41.7645	41.4702
4.175	42.6229	42.3191
4.2	43.5115	43.198
4.225	44.4312	44.1078
4.25	45.383	45.0494
4.275	46.3679	46.0237
4.3	47.3867	47.0318
4.325	48.4405	48.0745
4.35	49.5303	49.153
4.375	50.6571	50.2683
4.4	51.8221	51.4213
4.425	53.0262	52.6133
4.45	54.2707	53.8453
4.475	55.5566	55.1184
4.5	56.885	56.4338
4.525	58.2573	57.7926
4.55	59.6744	59.1961
4.575	61.1378	60.6455
4.6	62.6487	62.142
4.625	64.2082	63.6869
4.65	65.8178	65.2815
4.675	67.4786	66.9271
4.7	69.1922	68.625
4.725	70.9598	70.3766
4.75	72.7829	72.1834
4.775	74.6629	74.0466
4.8	76.6011	75.9678
4.825	78.5991	77.9485
4.85	80.6585	79.99
4.875	82.7806	82.094
4.9	84.967	84.262
4.925	87.2193	86.4955
4.95	89.5391	88.7961
4.975	91.9281	91.1654
5	94.3877	93.6051
5.025	96.9198	96.1168
5.05	99.5259	98.7023
5.075	102.208	101.363
5.1	104.967	104.101
5.125	107.806	106.918
5.15	110.726	109.816
5.175	113.729	112.796
5.2	116.816	115.86
5.225	119.99	119.01
5.25	123.252	122.249
5.275	126.605	125.577
5.3	130.049	128.997
5.325	133.588	132.511
5.35	137.223	136.12
5.375	140.956	139.827
5.4	144.789	143.634
5.425	148.723	147.542
5.45	152.762	151.554
5.475	156.907	155.672
5.5	161.16	159.897
5.525	165.523	164.232
5.55	169.998	168.678
5.575	174.587	173.239
5.6	179.293	177.915
5.625	184.118	182.71
5.65	189.063	187.625
5.675	194.13	192.663
5.7	199.323	197.824
5.725	204.643	203.113
5.75	210.091	208.53
5.775	215.672	214.079
5.8	221.385	219.76
5.825	227.235	225.577
5.85	233.222	231.532
5.875	239.349	237.626
5.9	245.619	243.862
5.925	252.032	250.242
5.95	258.593	256.769
5.975	265.302	263.443
6	272.162	270.269
6.025	279.175	277.247
6.05	286.343	284.38
6.075	293.668	291.67
6.1	301.153	299.119
6.125	308.799	306.729
6.15	316.609	314.503
6.175	324.584	322.442
6.2	332.727	330.549
6.225	341.04	338.825
6.25	349.525	347.273
6.275	358.184	355.895
6.3	367.018	364.692
6.325	376.03	373.667
6.35	385.222	382.821
6.375	394.595	392.157
6.4	404.152	401.676
6.425	413.894	411.381
6.45	423.822	421.272
6.475	433.94	431.352
6.5	444.248	441.623
6.525	454.749	452.085
6.55	465.443	462.742
6.575	476.333	473.594
6.6	487.419	484.643
6.625	498.704	495.891
6.65	510.189	507.338
6.675	521.875	518.987
6.7	533.764	530.839
6.725	545.857	542.895
6.75	558.155	555.156
6.775	570.659	567.624
6.8	583.371	580.299
6.825	596.292	593.183
6.85	609.421	606.277
6.875	622.762	619.582
6.9	636.313	633.098
6.925	650.076	646.826
6.95	664.053	660.768
6.975	678.242	674.923
7	692.646	689.292
7.025	707.264	703.877
7.05	722.096	718.676
7.075	737.144	733.691
7.1	752.407	748.922
7.125	767.885	764.369
7.15	783.579	780.032
7.175	799.489	795.911
7.2	815.614	812.006
7.225	831.954	828.316
7.25	848.508	844.843
7.275	865.278	861.584
7.3	882.261	878.54
7.325	899.457	895.709
7.35	916.867	913.093
7.375	934.488	930.689
7.4	952.32	948.496
7.425	970.362	966.514
7.45	988.612	984.742
7.475	1007.07	1003.18
7.5	1025.74	1021.82
7.525	1044.61	1040.67
7.55	1063.68	1059.73
7.575	1082.95	1078.98
7.6	1102.43	1098.44
7.625	1122.1	1118.1
7.65	1141.97	1137.95
7.675	1162.03	1158
7.7	1182.29	1178.24
7.725	1202.73	1198.67
7.75	1223.36	1219.29
7.775	1244.18	1240.1
7.8	1265.18	1261.09
7.825	1286.35	1282.26
7.85	1307.71	1303.6
7.875	1329.23	1325.13
7.9	1350.93	1346.82
7.925	1372.79	1368.68
7.95	1394.82	1390.71
7.975	1417.01	1412.89
8	1439.35	1435.24
8.025	1461.85	1457.74
8.05	1484.49	1480.39
8.075	1507.28	1503.18
8.1	1530.22	1526.12
8.125	1553.29	1549.2
8.15	1576.49	1572.41
8.175	1599.82	1595.75
8.2	1623.27	1619.22
8.225	1646.85	1642.81
8.25	1670.53	1666.51
8.275	1694.33	1690.33
8.3	1718.24	1714.25
8.325	1742.24	1738.27
8.35	1766.34	1762.4
8.375	1790.53	1786.61
8.4	1814.8	1810.91
8.425	1839.16	1835.29
8.45	1863.58	1859.74
8.475	1888.08	1884.27
8.5	1912.63	1908.85
8.525	1937.25	1933.5
8.55	1961.91	1958.2
8.575	1986.62	1982.95
8.6	2011.37	2007.74
8.625	2036.16	2032.56
8.65	2060.96	2057.41
8.675	2085.79	2082.29
8.7	2110.64	2107.18
8.725	2135.49	2132.07
8.75	2160.34	2156.98
8.775	2185.19	2181.88
8.8	2210.02	2206.77
8.825	2234.84	2231.64
8.85	2259.63	2256.49
8.875	2284.39	2281.31
8.9	2309.1	2306.09
8.925	2333.78	2330.82
8.95	2358.39	2355.51
8.975	2382.95	2380.13
9	2407.43	2404.69
9.025	2431.85	2429.18
9.05	2456.17	2453.59
9.075	2480.41	2477.9
9.1	2504.54	2502.12
9.125	2528.57	2526.24
9.15	2552.48	2550.24
9.175	2576.27	2574.12
9.2	2599.92	2597.88
9.225	2623.43	2621.49
9.25	2646.79	2644.96
9.275	2669.99	2668.28
9.3	2693.02	2691.43
9.325	2715.88	2714.4
9.35	2738.54	2737.19
9.375	2761	2759.78
9.4	2783.25	2782.17
9.425	2805.27	2804.34
9.45	2827.06	2826.29
9.475	2848.6	2847.99
9.5	2869.87	2869.43
9.525	2890.86	2890.61
9.55	2911.57	2911.49
9.575	2931.95	2932.08
9.6	2952.01	2952.35
9.625	2971.72	2972.27
9.65	2991.05	2991.84
9.675	3009.99	3011.02
9.7	3028.51	3029.79
9.725	3046.57	3048.12
9.75	3064.14	3065.98
9.775	3081.19	3083.34
9.8	3097.68	3100.15
9.825	3113.56	3116.36
9.85	3128.79	3131.93
9.875	3143.29	3146.8
9.9	3157.02	3160.91
9.925	3169.88	3174.17
9.95	3181.79	3186.49
9.975	3192.65	3197.79
10	3202.33	3207.95
10.025	3210.74	3216.82
10.05	3217.74	3224.26
10.075	3223.22	3230.15
10.1	3227.07	3234.4
10.125	3229.19	3236.92
10.15	3229.53	3237.64
10.175	3228.03	3236.5
10.2	3224.67	3233.48
10.225	3219.43	3228.54
10.25	3212.3	3221.69
10.275	3203.29	3212.92
10.3	3192.42	3202.27
10.325	3179.73	3189.76
10.35	3165.26	3175.45
10.375	3149.08	3159.4
10.4	3131.24	3141.66
10.425	3111.83	3122.31
10.45	3090.92	3101.44
10.475	3068.61	3079.14
10.5	3044.98	3055.5
10.525	3020.15	3030.62
10.55	2994.2	3004.61
10.575	2967.24	2977.56
10.6	2939.37	2949.59
10.625	2910.7	2920.79
10.65	2881.34	2891.29
10.675	2851.38	2861.17
10.7	2820.92	2830.53
10.725	2790.06	2799.49
10.75	2758.89	2768.13
10.775	2727.5	2736.54
10.8	2695.98	2704.81
10.825	2664.41	2673.02
10.85	2632.85	2641.24
10.875	2601.39	2609.55
10.9	2570.08	2578.02
10.925	2538.98	2546.69
10.95	2508.15	2515.63
10.975	2477.63	2484.89
11	2447.46	2454.51
11.025	2417.7	2424.52
11.05	2388.35	2394.96
11.075	2359.47	2365.87
11.1	2331.06	2337.25
11.125	2303.15	2309.14
11.15	2275.75	2281.55
11.175	2248.88	2254.48
11.2	2222.54	2227.96
11.225	2196.74	2201.98
11.25	2171.48	2176.55
11.275	2146.76	2151.67
11.3	2122.58	2127.33
11.325	2098.94	2103.53
11.35	2075.83	2080.27
11.375	2053.24	2057.54
11.4	2031.16	2035.32
11.425	2009.59	2013.62
11.45	1988.51	1992.41
11.475	1967.91	1971.69
11.5	1947.78	1951.45
11.525	1928.11	1931.67
11.55	1908.89	1912.34
11.575	1890.1	1893.45
11.6	1871.74	1874.99
11.625	1853.78	1856.93
11.65	1836.21	1839.28
11.675	1819.03	1822.02
11.7	1802.23	1805.12
11.725	1785.78	1788.6
11.75	1769.68	1772.42
11.775	1753.91	1756.58
11.8	1738.48	1741.08
11.825	1723.35	1725.89
11.85	1708.54	1711
11.875	1694.01	1696.42
11.9	1679.78	1682.12
11.925	1665.82	1668.1
11.95	1652.12	1654.35
11.975	1638.69	1640.87
12	1625.51	1627.63
12.025	1612.57	1614.64
12.05	1599.86	1601.89
12.075	1587.39	1589.37
12.1	1575.13	1577.07
12.125	1563.09	1564.98
12.15	1551.26	1553.11
12.175	1539.63	1541.44
12.2	1528.2	1529.97
12.225	1516.96	1518.69
12.25	1505.91	1507.6
12.275	1495.04	1496.69
12.3	1484.34	1485.96
12.325	1473.81	1475.4
12.35	1463.45	1465.01
12.375	1453.25	1454.78
12.4	1443.21	1444.71
12.425	1433.33	1434.79
12.45	1423.59	1425.03
12.475	1414	1415.41
12.5	1404.55	1405.94
12.525	1395.25	1396.6
12.55	1386.07	1387.4
12.575	1377.03	1378.34
12.6	1368.12	1369.4
12.625	1359.34	1360.6
12.65	1350.68	1351.91
12.675	1342.14	1343.35
12.7	1333.72	1334.91
12.725	1325.41	1326.58
12.75	1317.22	1318.36
12.775	1309.13	1310.26
12.8	1301.16	1302.26
12.825	1293.29	1294.37
12.85	1285.52	1286.59
12.875	1277.86	1278.91
12.9	1270.29	1271.32
12.925	1262.82	1263.83
12.95	1255.44	1256.44
12.975	1248.16	1249.14
13	1240.97	1241.94
13.025	1233.87	1234.82
13.05	1226.86	1227.79
13.075	1219.93	1220.85
13.1	1213.08	1213.99
13.125	1206.32	1207.21
13.15	1199.64	1200.52
13.175	1193.04	1193.9
13.2	1186.52	1187.37
13.225	1180.07	1180.91
13.25	1173.7	1174.52
13.275	1167.4	1168.21
13.3	1161.17	1161.97
13.325	1155.02	1155.81
13.35	1148.93	1149.71
13.375	1142.92	1143.68
13.4	1136.97	1137.72
13.425	1131.09	1131.83
13.45	1125.27	1126
13.475	1119.51	1120.23
13.5	1113.82	1114.53
13.525	1108.19	1108.89
13.55	1102.62	1103.31
13.575	1097.11	1097.79
13.6	1091.66	1092.33
13.625	1086.27	1086.93
13.65	1080.93	1081.58
13.675	1075.65	1076.29
13.7	1070.42	1071.05
13.725	1065.25	1065.87
13.75	1060.13	1060.74
13.775	1055.06	1055.67
13.8	1050.04	1050.64
13.825	1045.08	1045.67
13.85	1040.16	1040.74
13.875	1035.29	1035.87
13.9	1030.47	1031.04
13.925	1025.7	1026.26
13.95	1020.98	1021.53
13.975	1016.3	1016.84
14	1011.66	1012.2
14.025	1007.07	1007.61
14.05	1002.53	1003.06
14.075	998.027	998.548
14.1	993.568	994.083
14.125	989.151	989.659
14.15	984.775	985.277
14.175	980.44	980.936
14.2	976.145	976.635
14.225	971.89	972.374
14.25	967.674	968.153
14.275	963.497	963.97
14.3	959.357	959.824
14.325	955.255	955.717
14.35	951.19	951.646
14.375	947.161	947.612
14.4	943.168	943.614
14.425	939.211	939.652
14.45	935.288	935.724
14.475	931.4	931.831
14.5	927.546	927.972
14.525	923.726	924.147
14.55	919.938	920.354
14.575	916.183	916.595
14.6	912.46	912.867
14.625	908.769	909.172
14.65	905.109	905.508
14.675	901.481	901.875
14.7	897.882	898.272
14.725	894.314	894.7
14.75	890.776	891.157
14.775	887.267	887.644
14.8	883.787	884.16
14.825	880.335	880.705
14.85	876.912	877.278
14.875	873.517	873.879
14.9	870.149	870.507
14.925	866.809	867.163
14.95	863.495	863.846
14.975	860.208	860.555
15	856.947	857.29
15.025	853.712	854.052
15.05	850.502	850.839
15.075	847.318	847.651
15.1	844.159	844.488
15.125	841.024	841.35
15.15	837.914	838.237
15.175	834.827	835.147
15.2	831.765	832.082
15.225	828.726	829.04
15.25	825.71	826.021
15.275	822.717	823.025
15.3	819.747	820.052
15.325	816.799	817.101
15.35	813.873	814.173
15.375	810.97	811.266
15.4	808.088	808.381
15.425	805.227	805.518
15.45	802.387	802.676
15.475	799.569	799.854
15.5	796.771	797.054
15.525	793.993	794.274
15.55	791.236	791.514
15.575	788.499	788.774
15.6	785.781	786.054
15.625	783.083	783.354
15.65	780.404	780.673
15.675	777.745	778.011
15.7	775.104	775.368
15.725	772.482	772.743
15.75	769.879	770.138
15.775	767.294	767.55
15.8	764.727	764.981
15.825	762.178	762.43
15.85	759.646	759.896
15.875	757.132	757.38
15.9	754.636	754.882
15.925	752.157	752.4
15.95	749.694	749.936
15.975	747.249	747.488
16	744.82	745.057
16.025	742.407	742.643
16.05	740.011	740.245
16.075	737.631	737.863
16.1	735.267	735.497
16.125	732.918	733.146
16.15	730.586	730.812
16.175	728.268	728.493
16.2	725.966	726.189
16.225	723.68	723.901
16.25	721.408	721.627
16.275	719.151	719.368
16.3	716.909	717.124
16.325	714.681	714.895
16.35	712.468	712.68
16.375	710.269	710.48
16.4	708.084	708.293
16.425	705.913	706.121
16.45	703.756	703.962
16.475	701.613	701.817
16.5	699.483	699.686
16.525	697.367	697.568
16.55	695.264	695.464
16.575	693.174	693.373
16.6	691.098	691.295
16.625	689.034	689.229
16.65	686.983	687.177
16.675	684.945	685.137
16.7	682.919	683.11
16.725	680.906	681.096
16.75	678.905	679.094
16.775	676.917	677.104
16.8	674.94	675.126
16.825	672.976	673.16
16.85	671.023	671.207
16.875	669.083	669.265
16.9	667.153	667.334
16.925	665.236	665.415
16.95	663.33	663.508
16.975	661.435	661.612
17	659.552	659.728
17.025	657.68	657.854
17.05	655.818	655.992
17.075	653.968	654.14
17.1	652.129	652.3
17.125	650.3	650.47
17.15	648.482	648.651
17.175	646.674	646.842
17.2	644.877	645.044
17.225	643.091	643.256
17.25	641.315	641.479
17.275	639.548	639.712
17.3	637.793	637.955
17.325	636.047	636.208
17.35	634.311	634.471
17.375	632.584	632.744
17.4	630.868	631.026
17.425	629.161	629.319
17.45	627.464	627.62
17.475	625.776	625.932
17.5	624.098	624.253
17.525	622.429	622.583
17.55	620.77	620.922
17.575	619.119	619.271
17.6	617.478	617.629
17.625	615.846	615.996
17.65	614.223	614.372
17.675	612.608	612.756
17.7	611.003	611.15
17.725	609.406	609.552
17.75	607.818	607.963
17.775	606.238	606.383
17.8	604.667	604.811
17.825	603.105	603.248
17.85	601.551	601.693
17.875	600.005	600.146
17.9	598.467	598.608
17.925	596.938	597.078
17.95	595.417	595.556
17.975	593.903	594.042
18	592.398	592.536
18.025	590.901	591.037
18.05	589.411	589.547
18.075	587.93	588.065
18.1	586.456	586.59
18.125	584.99	585.123
18.15	583.531	583.664
18.175	582.08	582.212
18.2	580.636	580.768
18.225	579.2	579.331
18.25	577.772	577.902
18.275	576.35	576.48
18.3	574.936	575.065
18.325	573.529	573.657
18.35	572.129	572.257
18.375	570.737	570.863
18.4	569.351	569.477
18.425	567.972	568.098
18.45	566.6	566.725
18.475	565.236	565.36
18.5	563.878	564.001
18.525	562.526	562.649
18.55	561.182	561.304
18.575	559.844	559.966
18.6	558.513	558.634
18.625	557.188	557.308
18.65	555.87	555.99
18.675	554.558	554.677
18.7	553.253	553.372
18.725	551.954	552.072
18.75	550.662	550.779
18.775	549.375	549.492
18.8	548.095	548.212
18.825	546.822	546.937
18.85	545.554	545.669
18.875	544.292	544.407
18.9	543.037	543.151
18.925	541.787	541.901
18.95	540.544	540.657
18.975	539.306	539.419
19	538.075	538.187
19.025	536.849	536.96
19.05	535.629	535.74
19.075	534.414	534.525
19.1	533.206	533.316
19.125	532.003	532.113
19.15	530.806	530.915
19.175	529.614	529.723
19.2	528.428	528.536
19.225	527.247	527.355
19.25	526.072	526.179
19.275	524.902	525.009
19.3	523.738	523.844
19.325	522.579	522.685
19.35	521.426	521.531
19.375	520.277	520.382
19.4	519.134	519.239
19.425	517.997	518.101
19.45	516.864	516.967
19.475	515.736	515.839
19.5	514.614	514.717
19.525	513.497	513.599
19.55	512.384	512.486
19.575	511.277	511.378
19.6	510.175	510.276
19.625	509.077	509.178
19.65	507.985	508.085
19.675	506.897	506.997
19.7	505.814	505.914
19.725	504.736	504.835
19.75	503.663	503.762
19.775	502.595	502.693
19.8	501.531	501.629
19.825	500.472	500.569
19.85	499.418	499.515
19.875	498.368	498.464
19.9	497.322	497.419
19.925	496.282	496.378
19.95	495.246	495.341
19.975	494.214	494.309
20	493.187	493.282
